2020/02/17 18:43:55 [INFO] Terraform version: 0.12.20  
2020/02/17 18:43:55 [INFO] Go runtime version: go1.12.13
2020/02/17 18:43:55 [INFO] CLI args: []string{"c:\\dev\\mytools\\common\\terraform.exe", "apply", "-auto-approve"}
2020/02/17 18:43:55 [DEBUG] Attempting to open CLI config file: C:\Users\sjamalap\AppData\Roaming\terraform.rc
2020/02/17 18:43:55 [DEBUG] File doesn't exist, but doesn't need to. Ignoring.
2020/02/17 18:43:55 [DEBUG] checking for credentials in "C:\\Users\\sjamalap\\AppData\\Roaming\\terraform.d\\plugins"
2020/02/17 18:43:55 [INFO] CLI command args: []string{"apply", "-auto-approve"}
2020/02/17 18:43:55 [TRACE] Meta.Backend: no config given or present on disk, so returning nil config
2020/02/17 18:43:55 [TRACE] Meta.Backend: backend has not previously been initialized in this working directory
2020/02/17 18:43:55 [DEBUG] New state was assigned lineage "a2ba4b1a-b206-1763-a085-34f23e53e4b8"
2020/02/17 18:43:55 [TRACE] Meta.Backend: using default local state only (no backend configuration, and no existing initialized backend)
2020/02/17 18:43:55 [TRACE] Meta.Backend: instantiated backend of type <nil>
2020/02/17 18:43:55 [DEBUG] checking for provider in "."
2020/02/17 18:43:55 [DEBUG] checking for provider in "c:\\dev\\mytools\\common"
2020/02/17 18:43:55 [DEBUG] checking for provider in ".terraform\\plugins\\windows_amd64"
2020/02/17 18:43:55 [DEBUG] checking for provider in "C:\\Users\\sjamalap\\AppData\\Roaming\\terraform.d\\plugins"
2020/02/17 18:43:55 [DEBUG] found provider "terraform-provider-apigee_v0.0.21.exe"
2020/02/17 18:43:55 [WARN] found legacy provider "terraform-provider-sample.exe"
2020/02/17 18:43:55 [DEBUG] found valid plugin: "sample", "0.0.0", "C:\\Users\\sjamalap\\AppData\\Roaming\\terraform.d\\plugins\\terraform-provider-sample.exe"
2020/02/17 18:43:55 [DEBUG] found valid plugin: "apigee", "0.0.21", "C:\\Users\\sjamalap\\AppData\\Roaming\\terraform.d\\plugins\\terraform-provider-apigee_v0.0.21.exe"
2020/02/17 18:43:55 [DEBUG] checking for provisioner in "."
2020/02/17 18:43:55 [DEBUG] checking for provisioner in "c:\\dev\\mytools\\common"
2020/02/17 18:43:55 [DEBUG] checking for provisioner in ".terraform\\plugins\\windows_amd64"
2020/02/17 18:43:55 [DEBUG] checking for provisioner in "C:\\Users\\sjamalap\\AppData\\Roaming\\terraform.d\\plugins"
2020/02/17 18:43:55 [TRACE] Meta.Backend: backend <nil> does not support operations, so wrapping it in a local backend
2020/02/17 18:43:55 [INFO] backend/local: starting Apply operation
2020/02/17 18:43:55 [TRACE] backend/local: requesting state manager for workspace "default"
2020/02/17 18:43:55 [TRACE] backend/local: state manager for workspace "default" will:
 - read initial snapshot from terraform.tfstate
 - write new snapshots to terraform.tfstate
 - create any backup at terraform.tfstate.backup
2020/02/17 18:43:55 [TRACE] backend/local: requesting state lock for workspace "default"
2020/02/17 18:44:07 [TRACE] statemgr.Filesystem: preparing to manage state snapshots at terraform.tfstate
2020/02/17 18:44:07 [TRACE] statemgr.Filesystem: no previously-stored snapshot exists
2020/02/17 18:44:07 [TRACE] statemgr.Filesystem: locking terraform.tfstate using LockFileEx
2020/02/17 18:44:07 [TRACE] statemgr.Filesystem: writing lock metadata to .terraform.tfstate.lock.info
2020/02/17 18:44:07 [TRACE] backend/local: reading remote state for workspace "default"
2020/02/17 18:44:07 [TRACE] statemgr.Filesystem: reading latest snapshot from terraform.tfstate
2020/02/17 18:44:07 [TRACE] statemgr.Filesystem: snapshot file has nil snapshot, but that's okay
2020/02/17 18:44:07 [TRACE] statemgr.Filesystem: read nil snapshot
2020/02/17 18:44:07 [TRACE] backend/local: retrieving local state snapshot for workspace "default"
2020/02/17 18:44:07 [TRACE] backend/local: building context for current working directory
2020/02/17 18:44:07 [TRACE] terraform.NewContext: starting
2020/02/17 18:44:07 [TRACE] terraform.NewContext: resolving provider version selections
2020/02/17 18:44:07 [TRACE] terraform.NewContext: loading provider schemas
2020/02/17 18:44:07 [TRACE] LoadSchemas: retrieving schema for provider type "sample"
2020-02-17T18:44:07.170-0800 [INFO]  plugin: configuring client automatic mTLS
2020-02-17T18:44:07.198-0800 [DEBUG] plugin: starting plugin: path=C:\Users\sjamalap\AppData\Roaming\terraform.d\plugins\terraform-provider-sample.exe args=[C:\Users\sjamalap\AppData\Roaming\terraform.d\plugins\terraform-provider-sample.exe]
2020-02-17T18:44:13.587-0800 [DEBUG] plugin: plugin started: path=C:\Users\sjamalap\AppData\Roaming\terraform.d\plugins\terraform-provider-sample.exe pid=31296
2020-02-17T18:44:13.587-0800 [DEBUG] plugin: waiting for RPC address: path=C:\Users\sjamalap\AppData\Roaming\terraform.d\plugins\terraform-provider-sample.exe
2020-02-17T18:44:13.641-0800 [DEBUG] plugin.terraform-provider-sample.exe: 2020/02/17 18:44:13 [TF-SAMPLE] in terraform-main
2020-02-17T18:44:13.641-0800 [DEBUG] plugin.terraform-provider-sample.exe: 2020/02/17 18:44:13 [TF-SAMPLE] resourceFile...
2020-02-17T18:44:13.645-0800 [INFO]  plugin.terraform-provider-sample.exe: configuring server automatic mTLS: timestamp=2020-02-17T18:44:13.645-0800
2020-02-17T18:44:13.673-0800 [DEBUG] plugin.terraform-provider-sample.exe: plugin address: address=127.0.0.1:10000 network=tcp timestamp=2020-02-17T18:44:13.673-0800
2020-02-17T18:44:13.673-0800 [DEBUG] plugin: using plugin: version=5
2020/02/17 18:44:13 [TRACE] GRPCProvider: GetSchema
2020/02/17 18:44:13 [TRACE] GRPCProvider: Close
2020-02-17T18:44:13.743-0800 [DEBUG] plugin: plugin process exited: path=C:\Users\sjamalap\AppData\Roaming\terraform.d\plugins\terraform-provider-sample.exe pid=31296
2020-02-17T18:44:13.743-0800 [DEBUG] plugin: plugin exited
2020/02/17 18:44:13 [TRACE] terraform.NewContext: complete
2020/02/17 18:44:13 [TRACE] backend/local: finished building terraform.Context
2020/02/17 18:44:13 [TRACE] backend/local: requesting interactive input, if necessary
2020/02/17 18:44:13 [TRACE] Context.Input: Prompting for provider arguments
2020/02/17 18:44:13 [TRACE] Context.Input: Provider provider.sample declared at main.tf:7,1-18
2020/02/17 18:44:13 [TRACE] Context.Input: Input for provider.sample: map[string]cty.Value{}
2020/02/17 18:44:13 [TRACE] backend/local: running validation operation
2020/02/17 18:44:13 [INFO] terraform: building graph: GraphTypeValidate
2020/02/17 18:44:13 [TRACE] Executing graph transform *terraform.ConfigTransformer
2020/02/17 18:44:13 [TRACE] ConfigTransformer: Starting for path: 
2020/02/17 18:44:13 [TRACE] Completed graph transform *terraform.ConfigTransformer with new graph:
  sample_item.test_file - *terraform.NodeValidatableResource
  ------
2020/02/17 18:44:13 [TRACE] Executing graph transform *terraform.LocalTransformer
2020/02/17 18:44:13 [TRACE] Completed graph transform *terraform.LocalTransformer (no changes)
2020/02/17 18:44:13 [TRACE] Executing graph transform *terraform.OutputTransformer
2020/02/17 18:44:13 [TRACE] Completed graph transform *terraform.OutputTransformer (no changes)
2020/02/17 18:44:13 [TRACE] Executing graph transform *terraform.OrphanResourceInstanceTransformer
2020/02/17 18:44:13 [TRACE] Completed graph transform *terraform.OrphanResourceInstanceTransformer (no changes)
2020/02/17 18:44:13 [TRACE] Executing graph transform *terraform.StateTransformer
2020/02/17 18:44:13 [TRACE] StateTransformer: state is empty, so nothing to do
2020/02/17 18:44:13 [TRACE] Completed graph transform *terraform.StateTransformer (no changes)
2020/02/17 18:44:13 [TRACE] Executing graph transform *terraform.OrphanOutputTransformer
2020/02/17 18:44:13 [TRACE] Completed graph transform *terraform.OrphanOutputTransformer (no changes)
2020/02/17 18:44:13 [TRACE] Executing graph transform *terraform.AttachResourceConfigTransformer
2020/02/17 18:44:13 [TRACE] AttachResourceConfigTransformer: attaching to "sample_item.test_file" (*terraform.NodeValidatableResource) config from main.tf:13,1-31
2020/02/17 18:44:13 [TRACE] Completed graph transform *terraform.AttachResourceConfigTransformer (no changes)
2020/02/17 18:44:13 [TRACE] Executing graph transform *terraform.AttachStateTransformer
2020/02/17 18:44:13 [TRACE] Completed graph transform *terraform.AttachStateTransformer (no changes)
2020/02/17 18:44:13 [TRACE] Executing graph transform *terraform.RootVariableTransformer
2020/02/17 18:44:13 [TRACE] Completed graph transform *terraform.RootVariableTransformer (no changes)
2020/02/17 18:44:13 [TRACE] Executing graph transform *terraform.MissingProvisionerTransformer
2020/02/17 18:44:13 [TRACE] Completed graph transform *terraform.MissingProvisionerTransformer (no changes)
2020/02/17 18:44:13 [TRACE] Executing graph transform *terraform.ProvisionerTransformer
2020/02/17 18:44:13 [TRACE] Completed graph transform *terraform.ProvisionerTransformer (no changes)
2020/02/17 18:44:13 [TRACE] Executing graph transform *terraform.ModuleVariableTransformer
2020/02/17 18:44:13 [TRACE] Completed graph transform *terraform.ModuleVariableTransformer (no changes)
2020/02/17 18:44:13 [TRACE] Executing graph transform *terraform.graphTransformerMulti
2020/02/17 18:44:13 [TRACE] (graphTransformerMulti) Executing graph transform *terraform.ProviderConfigTransformer
2020/02/17 18:44:13 [TRACE] ProviderConfigTransformer: attaching to "provider.sample" provider configuration from main.tf:7,1-18
2020/02/17 18:44:13 [TRACE] (graphTransformerMulti) Completed graph transform *terraform.ProviderConfigTransformer with new graph:
  provider.sample - *terraform.NodeApplyableProvider
  sample_item.test_file - *terraform.NodeValidatableResource
  ------
2020/02/17 18:44:13 [TRACE] (graphTransformerMulti) Executing graph transform *terraform.MissingProviderTransformer
2020/02/17 18:44:13 [TRACE] (graphTransformerMulti) Completed graph transform *terraform.MissingProviderTransformer (no changes)
2020/02/17 18:44:13 [TRACE] (graphTransformerMulti) Executing graph transform *terraform.ProviderTransformer
2020/02/17 18:44:13 [TRACE] ProviderTransformer: sample_item.test_file is provided by provider.sample or inherited equivalent
2020/02/17 18:44:13 [TRACE] ProviderTransformer: exact match for provider.sample serving sample_item.test_file
2020/02/17 18:44:13 [DEBUG] ProviderTransformer: "sample_item.test_file" (*terraform.NodeValidatableResource) needs provider.sample
2020/02/17 18:44:13 [TRACE] (graphTransformerMulti) Completed graph transform *terraform.ProviderTransformer with new graph:
  provider.sample - *terraform.NodeApplyableProvider
  sample_item.test_file - *terraform.NodeValidatableResource
    provider.sample - *terraform.NodeApplyableProvider
  ------
2020/02/17 18:44:13 [TRACE] (graphTransformerMulti) Executing graph transform *terraform.PruneProviderTransformer
2020/02/17 18:44:13 [TRACE] (graphTransformerMulti) Completed graph transform *terraform.PruneProviderTransformer (no changes)
2020/02/17 18:44:13 [TRACE] (graphTransformerMulti) Executing graph transform *terraform.ParentProviderTransformer
2020/02/17 18:44:13 [TRACE] (graphTransformerMulti) Completed graph transform *terraform.ParentProviderTransformer (no changes)
2020/02/17 18:44:13 [TRACE] Completed graph transform *terraform.graphTransformerMulti with new graph:
  provider.sample - *terraform.NodeApplyableProvider
  sample_item.test_file - *terraform.NodeValidatableResource
    provider.sample - *terraform.NodeApplyableProvider
  ------
2020/02/17 18:44:13 [TRACE] Executing graph transform *terraform.RemovedModuleTransformer
2020/02/17 18:44:13 [TRACE] Completed graph transform *terraform.RemovedModuleTransformer (no changes)
2020/02/17 18:44:13 [TRACE] Executing graph transform *terraform.AttachSchemaTransformer
2020/02/17 18:44:13 [TRACE] AttachSchemaTransformer: attaching resource schema to sample_item.test_file
2020/02/17 18:44:13 [TRACE] AttachSchemaTransformer: attaching provider config schema to provider.sample
2020/02/17 18:44:13 [TRACE] Completed graph transform *terraform.AttachSchemaTransformer (no changes)
2020/02/17 18:44:13 [TRACE] Executing graph transform *terraform.ReferenceTransformer
2020/02/17 18:44:13 [DEBUG] ReferenceTransformer: "provider.sample" references: []
2020/02/17 18:44:13 [DEBUG] ReferenceTransformer: "sample_item.test_file" references: []
2020/02/17 18:44:13 [TRACE] Completed graph transform *terraform.ReferenceTransformer (no changes)
2020/02/17 18:44:13 [TRACE] Executing graph transform *terraform.CountBoundaryTransformer
2020/02/17 18:44:13 [TRACE] Completed graph transform *terraform.CountBoundaryTransformer with new graph:
  meta.count-boundary (EachMode fixup) - *terraform.NodeCountBoundary
    provider.sample - *terraform.NodeApplyableProvider
    sample_item.test_file - *terraform.NodeValidatableResource
  provider.sample - *terraform.NodeApplyableProvider
  sample_item.test_file - *terraform.NodeValidatableResource
    provider.sample - *terraform.NodeApplyableProvider
  ------
2020/02/17 18:44:13 [TRACE] Executing graph transform *terraform.TargetsTransformer
2020/02/17 18:44:13 [TRACE] Completed graph transform *terraform.TargetsTransformer (no changes)
2020/02/17 18:44:13 [TRACE] Executing graph transform *terraform.ForcedCBDTransformer
2020/02/17 18:44:13 [TRACE] Completed graph transform *terraform.ForcedCBDTransformer (no changes)
2020/02/17 18:44:13 [TRACE] Executing graph transform *terraform.CloseProviderTransformer
2020/02/17 18:44:13 [TRACE] Completed graph transform *terraform.CloseProviderTransformer with new graph:
  meta.count-boundary (EachMode fixup) - *terraform.NodeCountBoundary
    provider.sample - *terraform.NodeApplyableProvider
    sample_item.test_file - *terraform.NodeValidatableResource
  provider.sample - *terraform.NodeApplyableProvider
  provider.sample (close) - *terraform.graphNodeCloseProvider
    provider.sample - *terraform.NodeApplyableProvider
    sample_item.test_file - *terraform.NodeValidatableResource
  sample_item.test_file - *terraform.NodeValidatableResource
    provider.sample - *terraform.NodeApplyableProvider
  ------
2020/02/17 18:44:13 [TRACE] Executing graph transform *terraform.CloseProvisionerTransformer
2020/02/17 18:44:13 [TRACE] Completed graph transform *terraform.CloseProvisionerTransformer (no changes)
2020/02/17 18:44:13 [TRACE] Executing graph transform *terraform.RootTransformer
2020/02/17 18:44:13 [TRACE] Completed graph transform *terraform.RootTransformer with new graph:
  meta.count-boundary (EachMode fixup) - *terraform.NodeCountBoundary
    provider.sample - *terraform.NodeApplyableProvider
    sample_item.test_file - *terraform.NodeValidatableResource
  provider.sample - *terraform.NodeApplyableProvider
  provider.sample (close) - *terraform.graphNodeCloseProvider
    provider.sample - *terraform.NodeApplyableProvider
    sample_item.test_file - *terraform.NodeValidatableResource
  root - terraform.graphNodeRoot
    meta.count-boundary (EachMode fixup) - *terraform.NodeCountBoundary
    provider.sample (close) - *terraform.graphNodeCloseProvider
  sample_item.test_file - *terraform.NodeValidatableResource
    provider.sample - *terraform.NodeApplyableProvider
  ------
2020/02/17 18:44:13 [TRACE] Executing graph transform *terraform.TransitiveReductionTransformer
2020/02/17 18:44:13 [TRACE] Completed graph transform *terraform.TransitiveReductionTransformer with new graph:
  meta.count-boundary (EachMode fixup) - *terraform.NodeCountBoundary
    sample_item.test_file - *terraform.NodeValidatableResource
  provider.sample - *terraform.NodeApplyableProvider
  provider.sample (close) - *terraform.graphNodeCloseProvider
    sample_item.test_file - *terraform.NodeValidatableResource
  root - terraform.graphNodeRoot
    meta.count-boundary (EachMode fixup) - *terraform.NodeCountBoundary
    provider.sample (close) - *terraform.graphNodeCloseProvider
  sample_item.test_file - *terraform.NodeValidatableResource
    provider.sample - *terraform.NodeApplyableProvider
  ------
2020/02/17 18:44:13 [DEBUG] Starting graph walk: walkValidate
2020/02/17 18:44:13 [TRACE] dag/walk: updating graph
2020/02/17 18:44:13 [TRACE] dag/walk: added new vertex: "meta.count-boundary (EachMode fixup)"
2020/02/17 18:44:13 [TRACE] dag/walk: added new vertex: "provider.sample (close)"
2020/02/17 18:44:13 [TRACE] dag/walk: added new vertex: "root"
2020/02/17 18:44:13 [TRACE] dag/walk: added new vertex: "sample_item.test_file"
2020/02/17 18:44:13 [TRACE] dag/walk: added new vertex: "provider.sample"
2020/02/17 18:44:13 [TRACE] dag/walk: added edge: "provider.sample (close)" waiting on "sample_item.test_file"
2020/02/17 18:44:13 [TRACE] dag/walk: added edge: "root" waiting on "meta.count-boundary (EachMode fixup)"
2020/02/17 18:44:13 [TRACE] dag/walk: added edge: "root" waiting on "provider.sample (close)"
2020/02/17 18:44:13 [TRACE] dag/walk: added edge: "sample_item.test_file" waiting on "provider.sample"
2020/02/17 18:44:13 [TRACE] dag/walk: added edge: "meta.count-boundary (EachMode fixup)" waiting on "sample_item.test_file"
2020/02/17 18:44:13 [TRACE] dag/walk: dependencies changed for "provider.sample (close)", sending new deps
2020/02/17 18:44:13 [TRACE] dag/walk: dependencies changed for "root", sending new deps
2020/02/17 18:44:13 [TRACE] dag/walk: dependencies changed for "sample_item.test_file", sending new deps
2020/02/17 18:44:13 [TRACE] dag/walk: dependencies changed for "meta.count-boundary (EachMode fixup)", sending new deps
2020/02/17 18:44:13 [TRACE] dag/walk: visiting "provider.sample"
2020/02/17 18:44:13 [TRACE] vertex "provider.sample": starting visit (*terraform.NodeApplyableProvider)
2020/02/17 18:44:13 [TRACE] vertex "provider.sample": evaluating
2020/02/17 18:44:13 [TRACE] [walkValidate] Entering eval tree: provider.sample
2020/02/17 18:44:13 [TRACE] <root>: eval: *terraform.EvalSequence
2020/02/17 18:44:13 [TRACE] <root>: eval: *terraform.EvalInitProvider
2020-02-17T18:44:13.745-0800 [INFO]  plugin: configuring client automatic mTLS
2020-02-17T18:44:13.771-0800 [DEBUG] plugin: starting plugin: path=C:\Users\sjamalap\AppData\Roaming\terraform.d\plugins\terraform-provider-sample.exe args=[C:\Users\sjamalap\AppData\Roaming\terraform.d\plugins\terraform-provider-sample.exe]
2020-02-17T18:44:13.928-0800 [DEBUG] plugin: plugin started: path=C:\Users\sjamalap\AppData\Roaming\terraform.d\plugins\terraform-provider-sample.exe pid=18000
2020-02-17T18:44:13.928-0800 [DEBUG] plugin: waiting for RPC address: path=C:\Users\sjamalap\AppData\Roaming\terraform.d\plugins\terraform-provider-sample.exe
2020-02-17T18:44:13.978-0800 [DEBUG] plugin.terraform-provider-sample.exe: 2020/02/17 18:44:13 [TF-SAMPLE] in terraform-main
2020-02-17T18:44:13.978-0800 [DEBUG] plugin.terraform-provider-sample.exe: 2020/02/17 18:44:13 [TF-SAMPLE] resourceFile...
2020-02-17T18:44:13.982-0800 [INFO]  plugin.terraform-provider-sample.exe: configuring server automatic mTLS: timestamp=2020-02-17T18:44:13.982-0800
2020-02-17T18:44:14.012-0800 [DEBUG] plugin: using plugin: version=5
2020-02-17T18:44:14.012-0800 [DEBUG] plugin.terraform-provider-sample.exe: plugin address: address=127.0.0.1:10000 network=tcp timestamp=2020-02-17T18:44:14.012-0800
2020/02/17 18:44:14 [TRACE] BuiltinEvalContext: Initialized "sample" provider for provider.sample
2020/02/17 18:44:14 [TRACE] <root>: eval: terraform.EvalNoop
2020/02/17 18:44:14 [TRACE] <root>: eval: *terraform.EvalOpFilter
2020/02/17 18:44:14 [TRACE] <root>: eval: *terraform.EvalSequence
2020/02/17 18:44:14 [TRACE] <root>: eval: *terraform.EvalGetProvider
2020/02/17 18:44:14 [TRACE] <root>: eval: *terraform.EvalValidateProvider
2020/02/17 18:44:14 [TRACE] buildProviderConfig for provider.sample: using explicit config only
2020/02/17 18:44:14 [TRACE] GRPCProvider: GetSchema
2020/02/17 18:44:14 [TRACE] GRPCProvider: PrepareProviderConfig
2020/02/17 18:44:14 [TRACE] <root>: eval: terraform.EvalNoop
2020/02/17 18:44:14 [TRACE] <root>: eval: terraform.EvalNoop
2020/02/17 18:44:14 [TRACE] [walkValidate] Exiting eval tree: provider.sample
2020/02/17 18:44:14 [TRACE] vertex "provider.sample": visit complete
2020/02/17 18:44:14 [TRACE] dag/walk: visiting "sample_item.test_file"
2020/02/17 18:44:14 [TRACE] vertex "sample_item.test_file": starting visit (*terraform.NodeValidatableResource)
2020/02/17 18:44:14 [TRACE] vertex "sample_item.test_file": evaluating
2020/02/17 18:44:14 [TRACE] [walkValidate] Entering eval tree: sample_item.test_file
2020/02/17 18:44:14 [TRACE] <root>: eval: *terraform.EvalSequence
2020/02/17 18:44:14 [TRACE] <root>: eval: *terraform.EvalGetProvider
2020/02/17 18:44:14 [TRACE] <root>: eval: *terraform.EvalValidateResource
2020/02/17 18:44:14 [TRACE] GRPCProvider: ValidateResourceTypeConfig
2020/02/17 18:44:14 [TRACE] [walkValidate] Exiting eval tree: sample_item.test_file
2020/02/17 18:44:14 [TRACE] vertex "sample_item.test_file": visit complete
2020/02/17 18:44:14 [TRACE] dag/walk: visiting "meta.count-boundary (EachMode fixup)"
2020/02/17 18:44:14 [TRACE] vertex "meta.count-boundary (EachMode fixup)": starting visit (*terraform.NodeCountBoundary)
2020/02/17 18:44:14 [TRACE] dag/walk: visiting "provider.sample (close)"
2020/02/17 18:44:14 [TRACE] vertex "meta.count-boundary (EachMode fixup)": evaluating
2020/02/17 18:44:14 [TRACE] vertex "provider.sample (close)": starting visit (*terraform.graphNodeCloseProvider)
2020/02/17 18:44:14 [TRACE] vertex "provider.sample (close)": evaluating
2020/02/17 18:44:14 [TRACE] [walkValidate] Entering eval tree: provider.sample (close)
2020/02/17 18:44:14 [TRACE] [walkValidate] Entering eval tree: meta.count-boundary (EachMode fixup)
2020/02/17 18:44:14 [TRACE] <root>: eval: *terraform.EvalCountFixZeroOneBoundaryGlobal
2020/02/17 18:44:14 [TRACE] <root>: eval: *terraform.EvalCloseProvider
2020/02/17 18:44:14 [TRACE] [walkValidate] Exiting eval tree: meta.count-boundary (EachMode fixup)
2020/02/17 18:44:14 [TRACE] vertex "meta.count-boundary (EachMode fixup)": visit complete
2020/02/17 18:44:14 [TRACE] GRPCProvider: Close
2020-02-17T18:44:14.084-0800 [DEBUG] plugin: plugin process exited: path=C:\Users\sjamalap\AppData\Roaming\terraform.d\plugins\terraform-provider-sample.exe pid=18000
2020-02-17T18:44:14.084-0800 [DEBUG] plugin: plugin exited
2020/02/17 18:44:14 [TRACE] [walkValidate] Exiting eval tree: provider.sample (close)
2020/02/17 18:44:14 [TRACE] vertex "provider.sample (close)": visit complete
2020/02/17 18:44:14 [TRACE] dag/walk: visiting "root"
2020/02/17 18:44:14 [TRACE] vertex "root": starting visit (terraform.graphNodeRoot)
2020/02/17 18:44:14 [TRACE] vertex "root": visit complete
2020/02/17 18:44:14 [INFO] backend/local: apply calling Refresh
2020/02/17 18:44:14 [INFO] terraform: building graph: GraphTypeRefresh
2020/02/17 18:44:14 [TRACE] No managed resources in state during refresh; skipping managed resource transformer
2020/02/17 18:44:14 [TRACE] Executing graph transform *terraform.ConfigTransformer
2020/02/17 18:44:14 [TRACE] ConfigTransformer: Starting for path: 
2020/02/17 18:44:14 [TRACE] Completed graph transform *terraform.ConfigTransformer (no changes)
2020/02/17 18:44:14 [TRACE] Executing graph transform *terraform.OrphanResourceInstanceTransformer
2020/02/17 18:44:14 [TRACE] Completed graph transform *terraform.OrphanResourceInstanceTransformer (no changes)
2020/02/17 18:44:14 [TRACE] Executing graph transform *terraform.StateTransformer
2020/02/17 18:44:14 [TRACE] StateTransformer: state is empty, so nothing to do
2020/02/17 18:44:14 [TRACE] Completed graph transform *terraform.StateTransformer (no changes)
2020/02/17 18:44:14 [TRACE] Executing graph transform *terraform.AttachStateTransformer
2020/02/17 18:44:14 [TRACE] Completed graph transform *terraform.AttachStateTransformer (no changes)
2020/02/17 18:44:14 [TRACE] Executing graph transform *terraform.AttachResourceConfigTransformer
2020/02/17 18:44:14 [TRACE] Completed graph transform *terraform.AttachResourceConfigTransformer (no changes)
2020/02/17 18:44:14 [TRACE] Executing graph transform *terraform.RootVariableTransformer
2020/02/17 18:44:14 [TRACE] Completed graph transform *terraform.RootVariableTransformer (no changes)
2020/02/17 18:44:14 [TRACE] Executing graph transform *terraform.LocalTransformer
2020/02/17 18:44:14 [TRACE] Completed graph transform *terraform.LocalTransformer (no changes)
2020/02/17 18:44:14 [TRACE] Executing graph transform *terraform.OutputTransformer
2020/02/17 18:44:14 [TRACE] Completed graph transform *terraform.OutputTransformer (no changes)
2020/02/17 18:44:14 [TRACE] Executing graph transform *terraform.ModuleVariableTransformer
2020/02/17 18:44:14 [TRACE] Completed graph transform *terraform.ModuleVariableTransformer (no changes)
2020/02/17 18:44:14 [TRACE] Executing graph transform *terraform.graphTransformerMulti
2020/02/17 18:44:14 [TRACE] (graphTransformerMulti) Executing graph transform *terraform.ProviderConfigTransformer
2020/02/17 18:44:14 [TRACE] ProviderConfigTransformer: attaching to "provider.sample" provider configuration from main.tf:7,1-18
2020/02/17 18:44:14 [TRACE] (graphTransformerMulti) Completed graph transform *terraform.ProviderConfigTransformer with new graph:
  provider.sample - *terraform.NodeApplyableProvider
  ------
2020/02/17 18:44:14 [TRACE] (graphTransformerMulti) Executing graph transform *terraform.MissingProviderTransformer
2020/02/17 18:44:14 [TRACE] (graphTransformerMulti) Completed graph transform *terraform.MissingProviderTransformer (no changes)
2020/02/17 18:44:14 [TRACE] (graphTransformerMulti) Executing graph transform *terraform.ProviderTransformer
2020/02/17 18:44:14 [TRACE] (graphTransformerMulti) Completed graph transform *terraform.ProviderTransformer (no changes)
2020/02/17 18:44:14 [TRACE] (graphTransformerMulti) Executing graph transform *terraform.PruneProviderTransformer
2020/02/17 18:44:14 [DEBUG] pruning unused provider.sample
2020/02/17 18:44:14 [TRACE] (graphTransformerMulti) Completed graph transform *terraform.PruneProviderTransformer with new graph:
  ------
2020/02/17 18:44:14 [TRACE] (graphTransformerMulti) Executing graph transform *terraform.ParentProviderTransformer
2020/02/17 18:44:14 [TRACE] (graphTransformerMulti) Completed graph transform *terraform.ParentProviderTransformer (no changes)
2020/02/17 18:44:14 [TRACE] Completed graph transform *terraform.graphTransformerMulti (no changes)
2020/02/17 18:44:14 [TRACE] Executing graph transform *terraform.AttachSchemaTransformer
2020/02/17 18:44:14 [TRACE] Completed graph transform *terraform.AttachSchemaTransformer (no changes)
2020/02/17 18:44:14 [TRACE] Executing graph transform *terraform.ReferenceTransformer
2020/02/17 18:44:14 [TRACE] Completed graph transform *terraform.ReferenceTransformer (no changes)
2020/02/17 18:44:14 [TRACE] Executing graph transform *terraform.AttachDependenciesTransformer
2020/02/17 18:44:14 [TRACE] Completed graph transform *terraform.AttachDependenciesTransformer (no changes)
2020/02/17 18:44:14 [TRACE] Executing graph transform *terraform.TargetsTransformer
2020/02/17 18:44:14 [TRACE] Completed graph transform *terraform.TargetsTransformer (no changes)
2020/02/17 18:44:14 [TRACE] Executing graph transform *terraform.CloseProviderTransformer
2020/02/17 18:44:14 [TRACE] Completed graph transform *terraform.CloseProviderTransformer (no changes)
2020/02/17 18:44:14 [TRACE] Executing graph transform *terraform.RootTransformer
2020/02/17 18:44:14 [TRACE] Completed graph transform *terraform.RootTransformer with new graph:
  root - terraform.graphNodeRoot
  ------
2020/02/17 18:44:14 [TRACE] Executing graph transform *terraform.TransitiveReductionTransformer
2020/02/17 18:44:14 [TRACE] Completed graph transform *terraform.TransitiveReductionTransformer (no changes)
2020/02/17 18:44:14 [DEBUG] Starting graph walk: walkRefresh
2020/02/17 18:44:14 [TRACE] dag/walk: updating graph
2020/02/17 18:44:14 [TRACE] dag/walk: added new vertex: "root"
2020/02/17 18:44:14 [TRACE] dag/walk: visiting "root"
2020/02/17 18:44:14 [TRACE] vertex "root": starting visit (terraform.graphNodeRoot)
2020/02/17 18:44:14 [TRACE] vertex "root": visit complete
2020/02/17 18:44:14 [INFO] backend/local: apply calling Plan
2020/02/17 18:44:14 [INFO] terraform: building graph: GraphTypePlan
2020/02/17 18:44:14 [TRACE] Executing graph transform *terraform.ConfigTransformer
2020/02/17 18:44:14 [TRACE] ConfigTransformer: Starting for path: 
2020/02/17 18:44:14 [TRACE] Completed graph transform *terraform.ConfigTransformer with new graph:
  sample_item.test_file - *terraform.NodePlannableResource
  ------
2020/02/17 18:44:14 [TRACE] Executing graph transform *terraform.LocalTransformer
2020/02/17 18:44:14 [TRACE] Completed graph transform *terraform.LocalTransformer (no changes)
2020/02/17 18:44:14 [TRACE] Executing graph transform *terraform.OutputTransformer
2020/02/17 18:44:14 [TRACE] Completed graph transform *terraform.OutputTransformer (no changes)
2020/02/17 18:44:14 [TRACE] Executing graph transform *terraform.OrphanResourceInstanceTransformer
2020/02/17 18:44:14 [TRACE] Completed graph transform *terraform.OrphanResourceInstanceTransformer (no changes)
2020/02/17 18:44:14 [TRACE] Executing graph transform *terraform.StateTransformer
2020/02/17 18:44:14 [TRACE] StateTransformer: state is empty, so nothing to do
2020/02/17 18:44:14 [TRACE] Completed graph transform *terraform.StateTransformer (no changes)
2020/02/17 18:44:14 [TRACE] Executing graph transform *terraform.OrphanOutputTransformer
2020/02/17 18:44:14 [TRACE] Completed graph transform *terraform.OrphanOutputTransformer (no changes)
2020/02/17 18:44:14 [TRACE] Executing graph transform *terraform.AttachResourceConfigTransformer
2020/02/17 18:44:14 [TRACE] AttachResourceConfigTransformer: attaching to "sample_item.test_file" (*terraform.NodePlannableResource) config from main.tf:13,1-31
2020/02/17 18:44:14 [TRACE] Completed graph transform *terraform.AttachResourceConfigTransformer (no changes)
2020/02/17 18:44:14 [TRACE] Executing graph transform *terraform.AttachStateTransformer
2020/02/17 18:44:14 [TRACE] Completed graph transform *terraform.AttachStateTransformer (no changes)
2020/02/17 18:44:14 [TRACE] Executing graph transform *terraform.RootVariableTransformer
2020/02/17 18:44:14 [TRACE] Completed graph transform *terraform.RootVariableTransformer (no changes)
2020/02/17 18:44:14 [TRACE] Executing graph transform *terraform.MissingProvisionerTransformer
2020/02/17 18:44:14 [TRACE] Completed graph transform *terraform.MissingProvisionerTransformer (no changes)
2020/02/17 18:44:14 [TRACE] Executing graph transform *terraform.ProvisionerTransformer
2020/02/17 18:44:14 [TRACE] Completed graph transform *terraform.ProvisionerTransformer (no changes)
2020/02/17 18:44:14 [TRACE] Executing graph transform *terraform.ModuleVariableTransformer
2020/02/17 18:44:14 [TRACE] Completed graph transform *terraform.ModuleVariableTransformer (no changes)
2020/02/17 18:44:14 [TRACE] Executing graph transform *terraform.graphTransformerMulti
2020/02/17 18:44:14 [TRACE] (graphTransformerMulti) Executing graph transform *terraform.ProviderConfigTransformer
2020/02/17 18:44:14 [TRACE] ProviderConfigTransformer: attaching to "provider.sample" provider configuration from main.tf:7,1-18
2020/02/17 18:44:14 [TRACE] (graphTransformerMulti) Completed graph transform *terraform.ProviderConfigTransformer with new graph:
  provider.sample - *terraform.NodeApplyableProvider
  sample_item.test_file - *terraform.NodePlannableResource
  ------
2020/02/17 18:44:14 [TRACE] (graphTransformerMulti) Executing graph transform *terraform.MissingProviderTransformer
2020/02/17 18:44:14 [TRACE] (graphTransformerMulti) Completed graph transform *terraform.MissingProviderTransformer (no changes)
2020/02/17 18:44:14 [TRACE] (graphTransformerMulti) Executing graph transform *terraform.ProviderTransformer
2020/02/17 18:44:14 [TRACE] ProviderTransformer: sample_item.test_file is provided by provider.sample or inherited equivalent
2020/02/17 18:44:14 [TRACE] ProviderTransformer: exact match for provider.sample serving sample_item.test_file
2020/02/17 18:44:14 [DEBUG] ProviderTransformer: "sample_item.test_file" (*terraform.NodePlannableResource) needs provider.sample
2020/02/17 18:44:14 [TRACE] (graphTransformerMulti) Completed graph transform *terraform.ProviderTransformer with new graph:
  provider.sample - *terraform.NodeApplyableProvider
  sample_item.test_file - *terraform.NodePlannableResource
    provider.sample - *terraform.NodeApplyableProvider
  ------
2020/02/17 18:44:14 [TRACE] (graphTransformerMulti) Executing graph transform *terraform.PruneProviderTransformer
2020/02/17 18:44:14 [TRACE] (graphTransformerMulti) Completed graph transform *terraform.PruneProviderTransformer (no changes)
2020/02/17 18:44:14 [TRACE] (graphTransformerMulti) Executing graph transform *terraform.ParentProviderTransformer
2020/02/17 18:44:14 [TRACE] (graphTransformerMulti) Completed graph transform *terraform.ParentProviderTransformer (no changes)
2020/02/17 18:44:14 [TRACE] Completed graph transform *terraform.graphTransformerMulti with new graph:
  provider.sample - *terraform.NodeApplyableProvider
  sample_item.test_file - *terraform.NodePlannableResource
    provider.sample - *terraform.NodeApplyableProvider
  ------
2020/02/17 18:44:14 [TRACE] Executing graph transform *terraform.RemovedModuleTransformer
2020/02/17 18:44:14 [TRACE] Completed graph transform *terraform.RemovedModuleTransformer (no changes)
2020/02/17 18:44:14 [TRACE] Executing graph transform *terraform.AttachSchemaTransformer
2020/02/17 18:44:14 [TRACE] AttachSchemaTransformer: attaching resource schema to sample_item.test_file
2020/02/17 18:44:14 [TRACE] AttachSchemaTransformer: attaching provider config schema to provider.sample
2020/02/17 18:44:14 [TRACE] Completed graph transform *terraform.AttachSchemaTransformer (no changes)
2020/02/17 18:44:14 [TRACE] Executing graph transform *terraform.ReferenceTransformer
2020/02/17 18:44:14 [DEBUG] ReferenceTransformer: "sample_item.test_file" references: []
2020/02/17 18:44:14 [DEBUG] ReferenceTransformer: "provider.sample" references: []
2020/02/17 18:44:14 [TRACE] Completed graph transform *terraform.ReferenceTransformer (no changes)
2020/02/17 18:44:14 [TRACE] Executing graph transform *terraform.CountBoundaryTransformer
2020/02/17 18:44:14 [TRACE] Completed graph transform *terraform.CountBoundaryTransformer with new graph:
  meta.count-boundary (EachMode fixup) - *terraform.NodeCountBoundary
    provider.sample - *terraform.NodeApplyableProvider
    sample_item.test_file - *terraform.NodePlannableResource
  provider.sample - *terraform.NodeApplyableProvider
  sample_item.test_file - *terraform.NodePlannableResource
    provider.sample - *terraform.NodeApplyableProvider
  ------
2020/02/17 18:44:14 [TRACE] Executing graph transform *terraform.TargetsTransformer
2020/02/17 18:44:14 [TRACE] Completed graph transform *terraform.TargetsTransformer (no changes)
2020/02/17 18:44:14 [TRACE] Executing graph transform *terraform.ForcedCBDTransformer
2020/02/17 18:44:14 [TRACE] ForcedCBDTransformer: "sample_item.test_file" (*terraform.NodePlannableResource) has no CBD descendent, so skipping
2020/02/17 18:44:14 [TRACE] Completed graph transform *terraform.ForcedCBDTransformer (no changes)
2020/02/17 18:44:14 [TRACE] Executing graph transform *terraform.CloseProviderTransformer
2020/02/17 18:44:14 [TRACE] Completed graph transform *terraform.CloseProviderTransformer with new graph:
  meta.count-boundary (EachMode fixup) - *terraform.NodeCountBoundary
    provider.sample - *terraform.NodeApplyableProvider
    sample_item.test_file - *terraform.NodePlannableResource
  provider.sample - *terraform.NodeApplyableProvider
  provider.sample (close) - *terraform.graphNodeCloseProvider
    provider.sample - *terraform.NodeApplyableProvider
    sample_item.test_file - *terraform.NodePlannableResource
  sample_item.test_file - *terraform.NodePlannableResource
    provider.sample - *terraform.NodeApplyableProvider
  ------
2020/02/17 18:44:14 [TRACE] Executing graph transform *terraform.CloseProvisionerTransformer
2020/02/17 18:44:14 [TRACE] Completed graph transform *terraform.CloseProvisionerTransformer (no changes)
2020/02/17 18:44:14 [TRACE] Executing graph transform *terraform.RootTransformer
2020/02/17 18:44:14 [TRACE] Completed graph transform *terraform.RootTransformer with new graph:
  meta.count-boundary (EachMode fixup) - *terraform.NodeCountBoundary
    provider.sample - *terraform.NodeApplyableProvider
    sample_item.test_file - *terraform.NodePlannableResource
  provider.sample - *terraform.NodeApplyableProvider
  provider.sample (close) - *terraform.graphNodeCloseProvider
    provider.sample - *terraform.NodeApplyableProvider
    sample_item.test_file - *terraform.NodePlannableResource
  root - terraform.graphNodeRoot
    meta.count-boundary (EachMode fixup) - *terraform.NodeCountBoundary
    provider.sample (close) - *terraform.graphNodeCloseProvider
  sample_item.test_file - *terraform.NodePlannableResource
    provider.sample - *terraform.NodeApplyableProvider
  ------
2020/02/17 18:44:14 [TRACE] Executing graph transform *terraform.TransitiveReductionTransformer
2020/02/17 18:44:14 [TRACE] Completed graph transform *terraform.TransitiveReductionTransformer with new graph:
  meta.count-boundary (EachMode fixup) - *terraform.NodeCountBoundary
    sample_item.test_file - *terraform.NodePlannableResource
  provider.sample - *terraform.NodeApplyableProvider
  provider.sample (close) - *terraform.graphNodeCloseProvider
    sample_item.test_file - *terraform.NodePlannableResource
  root - terraform.graphNodeRoot
    meta.count-boundary (EachMode fixup) - *terraform.NodeCountBoundary
    provider.sample (close) - *terraform.graphNodeCloseProvider
  sample_item.test_file - *terraform.NodePlannableResource
    provider.sample - *terraform.NodeApplyableProvider
  ------
2020/02/17 18:44:14 [DEBUG] Starting graph walk: walkPlan
2020/02/17 18:44:14 [TRACE] dag/walk: updating graph
2020/02/17 18:44:14 [TRACE] dag/walk: added new vertex: "provider.sample (close)"
2020/02/17 18:44:14 [TRACE] dag/walk: added new vertex: "root"
2020/02/17 18:44:14 [TRACE] dag/walk: added new vertex: "sample_item.test_file"
2020/02/17 18:44:14 [TRACE] dag/walk: added new vertex: "provider.sample"
2020/02/17 18:44:14 [TRACE] dag/walk: added new vertex: "meta.count-boundary (EachMode fixup)"
2020/02/17 18:44:14 [TRACE] dag/walk: added edge: "provider.sample (close)" waiting on "sample_item.test_file"
2020/02/17 18:44:14 [TRACE] dag/walk: added edge: "root" waiting on "meta.count-boundary (EachMode fixup)"
2020/02/17 18:44:14 [TRACE] dag/walk: added edge: "root" waiting on "provider.sample (close)"
2020/02/17 18:44:14 [TRACE] dag/walk: added edge: "sample_item.test_file" waiting on "provider.sample"
2020/02/17 18:44:14 [TRACE] dag/walk: added edge: "meta.count-boundary (EachMode fixup)" waiting on "sample_item.test_file"
2020/02/17 18:44:14 [TRACE] dag/walk: dependencies changed for "provider.sample (close)", sending new deps
2020/02/17 18:44:14 [TRACE] dag/walk: dependencies changed for "root", sending new deps
2020/02/17 18:44:14 [TRACE] dag/walk: dependencies changed for "sample_item.test_file", sending new deps
2020/02/17 18:44:14 [TRACE] dag/walk: dependencies changed for "meta.count-boundary (EachMode fixup)", sending new deps
2020/02/17 18:44:14 [TRACE] dag/walk: visiting "provider.sample"
2020/02/17 18:44:14 [TRACE] vertex "provider.sample": starting visit (*terraform.NodeApplyableProvider)
2020/02/17 18:44:14 [TRACE] vertex "provider.sample": evaluating
2020/02/17 18:44:14 [TRACE] [walkPlan] Entering eval tree: provider.sample
2020/02/17 18:44:14 [TRACE] <root>: eval: *terraform.EvalSequence
2020/02/17 18:44:14 [TRACE] <root>: eval: *terraform.EvalInitProvider
2020-02-17T18:44:14.086-0800 [INFO]  plugin: configuring client automatic mTLS
2020-02-17T18:44:14.113-0800 [DEBUG] plugin: starting plugin: path=C:\Users\sjamalap\AppData\Roaming\terraform.d\plugins\terraform-provider-sample.exe args=[C:\Users\sjamalap\AppData\Roaming\terraform.d\plugins\terraform-provider-sample.exe]
2020-02-17T18:44:14.272-0800 [DEBUG] plugin: plugin started: path=C:\Users\sjamalap\AppData\Roaming\terraform.d\plugins\terraform-provider-sample.exe pid=7740
2020-02-17T18:44:14.272-0800 [DEBUG] plugin: waiting for RPC address: path=C:\Users\sjamalap\AppData\Roaming\terraform.d\plugins\terraform-provider-sample.exe
2020-02-17T18:44:14.321-0800 [DEBUG] plugin.terraform-provider-sample.exe: 2020/02/17 18:44:14 [TF-SAMPLE] in terraform-main
2020-02-17T18:44:14.321-0800 [DEBUG] plugin.terraform-provider-sample.exe: 2020/02/17 18:44:14 [TF-SAMPLE] resourceFile...
2020-02-17T18:44:14.325-0800 [INFO]  plugin.terraform-provider-sample.exe: configuring server automatic mTLS: timestamp=2020-02-17T18:44:14.325-0800
2020-02-17T18:44:14.353-0800 [DEBUG] plugin: using plugin: version=5
2020-02-17T18:44:14.353-0800 [DEBUG] plugin.terraform-provider-sample.exe: plugin address: address=127.0.0.1:10000 network=tcp timestamp=2020-02-17T18:44:14.353-0800
2020/02/17 18:44:14 [TRACE] BuiltinEvalContext: Initialized "sample" provider for provider.sample
2020/02/17 18:44:14 [TRACE] <root>: eval: terraform.EvalNoop
2020/02/17 18:44:14 [TRACE] <root>: eval: terraform.EvalNoop
2020/02/17 18:44:14 [TRACE] <root>: eval: *terraform.EvalOpFilter
2020/02/17 18:44:14 [TRACE] <root>: eval: *terraform.EvalSequence
2020/02/17 18:44:14 [TRACE] <root>: eval: *terraform.EvalGetProvider
2020/02/17 18:44:14 [TRACE] <root>: eval: *terraform.EvalOpFilter
2020/02/17 18:44:14 [TRACE] <root>: eval: *terraform.EvalSequence
2020/02/17 18:44:14 [TRACE] <root>: eval: *terraform.EvalConfigProvider
2020/02/17 18:44:14 [TRACE] buildProviderConfig for provider.sample: using explicit config only
2020/02/17 18:44:14 [TRACE] GRPCProvider: GetSchema
2020/02/17 18:44:14 [TRACE] GRPCProvider: Configure
2020-02-17T18:44:14.412-0800 [DEBUG] plugin.terraform-provider-sample.exe: 2020/02/17 18:44:14 [TF-SAMPLE] providerConfigure &{map[address:0xc00046a000 port:0xc00046a100 token:0xc00046a200] <nil> <nil> 0xc00042e240 map[] <nil> <nil> <nil> <nil> false map[] {0 {0 0}} false false}
2020-02-17T18:44:14.414-0800 [DEBUG] plugin.terraform-provider-sample.exe: panic: interface conversion: interface {} is nil, not string
2020-02-17T18:44:14.414-0800 [DEBUG] plugin.terraform-provider-sample.exe: 
2020-02-17T18:44:14.414-0800 [DEBUG] plugin.terraform-provider-sample.exe: goroutine 44 [running]:
2020-02-17T18:44:14.414-0800 [DEBUG] plugin.terraform-provider-sample.exe: github.com/sairamaj/terraform-provider-sample/provider.providerConfigure(0xc0001080e0, 0x0, 0xc00042e240, 0xc0001080e0, 0x0)
2020-02-17T18:44:14.414-0800 [DEBUG] plugin.terraform-provider-sample.exe: 	C:/dev/sairamaj/go/src/terraform/sample/provider/provider.go:42 +0x2e4
2020-02-17T18:44:14.414-0800 [DEBUG] plugin.terraform-provider-sample.exe: github.com/hashicorp/terraform/helper/schema.(*Provider).Configure(0xc00043e100, 0xc00041cb70, 0xf0ca80, 0xc00041cab0)
2020-02-17T18:44:14.414-0800 [DEBUG] plugin.terraform-provider-sample.exe: 	c:/dev/sairamaj/go/pkg/mod/github.com/hashicorp/terraform@v0.12.20/helper/schema/provider.go:270 +0xd9
2020-02-17T18:44:14.414-0800 [DEBUG] plugin.terraform-provider-sample.exe: github.com/hashicorp/terraform/helper/plugin.(*GRPCProviderServer).Configure(0xc00043a028, 0x1310300, 0xc00041c2d0, 0xc00016c140, 0xc00043a028, 0xc00041c2d0, 0xc0003a9a58)
2020-02-17T18:44:14.414-0800 [DEBUG] plugin.terraform-provider-sample.exe: 	c:/dev/sairamaj/go/pkg/mod/github.com/hashicorp/terraform@v0.12.20/helper/plugin/grpc_provider.go:487 +0x2ed
2020-02-17T18:44:14.414-0800 [DEBUG] plugin.terraform-provider-sample.exe: github.com/hashicorp/terraform/internal/tfplugin5._Provider_Configure_Handler(0x1042b80, 0xc00043a028, 0x1310300, 0xc00041c2d0, 0xc000444280, 0x0, 0x1310300, 0xc00041c2d0, 0xc0004340f0, 0x46)
2020-02-17T18:44:14.414-0800 [DEBUG] plugin.terraform-provider-sample.exe: 	c:/dev/sairamaj/go/pkg/mod/github.com/hashicorp/terraform@v0.12.20/internal/tfplugin5/tfplugin5.pb.go:3135 +0x21e
2020-02-17T18:44:14.414-0800 [DEBUG] plugin.terraform-provider-sample.exe: google.golang.org/grpc.(*Server).processUnaryRPC(0xc00051a600, 0x131ce60, 0xc00051b080, 0xc000106400, 0xc0001786c0, 0x1a1ec58, 0x0, 0x0, 0x0)
2020-02-17T18:44:14.414-0800 [DEBUG] plugin.terraform-provider-sample.exe: 	c:/dev/sairamaj/go/pkg/mod/google.golang.org/grpc@v1.21.1/server.go:998 +0x471
2020-02-17T18:44:14.414-0800 [DEBUG] plugin.terraform-provider-sample.exe: google.golang.org/grpc.(*Server).handleStream(0xc00051a600, 0x131ce60, 0xc00051b080, 0xc000106400, 0x0)
2020-02-17T18:44:14.414-0800 [DEBUG] plugin.terraform-provider-sample.exe: 	c:/dev/sairamaj/go/pkg/mod/google.golang.org/grpc@v1.21.1/server.go:1278 +0xd9e
2020-02-17T18:44:14.414-0800 [DEBUG] plugin.terraform-provider-sample.exe: google.golang.org/grpc.(*Server).serveStreams.func1.1(0xc000036190, 0xc00051a600, 0x131ce60, 0xc00051b080, 0xc000106400)
2020-02-17T18:44:14.414-0800 [DEBUG] plugin.terraform-provider-sample.exe: 	c:/dev/sairamaj/go/pkg/mod/google.golang.org/grpc@v1.21.1/server.go:717 +0xc2
2020-02-17T18:44:14.414-0800 [DEBUG] plugin.terraform-provider-sample.exe: created by google.golang.org/grpc.(*Server).serveStreams.func1
2020-02-17T18:44:14.414-0800 [DEBUG] plugin.terraform-provider-sample.exe: 	c:/dev/sairamaj/go/pkg/mod/google.golang.org/grpc@v1.21.1/server.go:715 +0xa8
2020/02/17 18:44:14 [ERROR] <root>: eval: *terraform.EvalConfigProvider, err: rpc error: code = Unavailable desc = transport is closing
2020/02/17 18:44:14 [ERROR] <root>: eval: *terraform.EvalSequence, err: rpc error: code = Unavailable desc = transport is closing
2020/02/17 18:44:14 [ERROR] <root>: eval: *terraform.EvalOpFilter, err: rpc error: code = Unavailable desc = transport is closing
2020/02/17 18:44:14 [ERROR] <root>: eval: *terraform.EvalSequence, err: rpc error: code = Unavailable desc = transport is closing
2020/02/17 18:44:14 [TRACE] [walkPlan] Exiting eval tree: provider.sample
2020/02/17 18:44:14 [TRACE] vertex "provider.sample": visit complete
2020/02/17 18:44:14 [TRACE] dag/walk: upstream of "sample_item.test_file" errored, so skipping
2020/02/17 18:44:14 [TRACE] dag/walk: upstream of "provider.sample (close)" errored, so skipping
2020/02/17 18:44:14 [TRACE] dag/walk: upstream of "meta.count-boundary (EachMode fixup)" errored, so skipping
2020/02/17 18:44:14 [TRACE] dag/walk: upstream of "root" errored, so skipping
2020/02/17 18:44:14 [TRACE] statemgr.Filesystem: removing lock metadata file .terraform.tfstate.lock.info
2020/02/17 18:44:14 [TRACE] statemgr.Filesystem: unlocked by closing terraform.tfstate
2020-02-17T18:44:14.425-0800 [DEBUG] plugin: plugin process exited: path=C:\Users\sjamalap\AppData\Roaming\terraform.d\plugins\terraform-provider-sample.exe pid=7740 error="exit status 2"
2020-02-17T18:44:14.425-0800 [DEBUG] plugin: plugin exited
